<?xml version="1.0" encoding="UTF-8"?>
<!-- Generated by org.testng.reporters.JUnitReportReporter -->
<testsuite hostname="BOOK-T43CJUDFP3" failures="0" tests="1" name="organizationTest.CreateNewOrganization" time="21.270" errors="0" timestamp="2025-06-17T19:26:39 IST" skipped="0">
  <testcase classname="organizationTest.CreateNewOrganization" name="createNewOrganizationTest" time="21.270">
    <system-out>
      <![CDATA[[ ACC12 ] ORG-1193959466 - Organization Information----Passed]]>
    </system-out>
  </testcase> <!-- createNewOrganizationTest -->
  <system-out>
    <![CDATA[Database Connection Established...
Browser got Launched.
Browser got Maximized
Login Successfull.
[ ACC12 ] ORG-1193959466 - Organization Information----Passed
Logout Successfull.
Browser got Closed.
Database Connection Disconnected...]]>
  </system-out>
</testsuite> <!-- organizationTest.CreateNewOrganization -->
