<?xml version="1.0" encoding="UTF-8"?>
<!-- Generated by org.testng.reporters.JUnitReportReporter -->
<testsuite hostname="BOOK-T43CJUDFP3" failures="0" tests="1" name="contactsTest.CreateNewContactTest" time="57.868" errors="0" timestamp="2025-06-17T12:09:00 IST" skipped="0">
  <testcase classname="contactsTest.CreateNewContactTest" name="createNewContactTest" time="57.868">
    <system-out>
      <![CDATA[[ CON20 ] Balaram Ch - Contact Information--- Passed]]>
    </system-out>
  </testcase> <!-- createNewContactTest -->
  <system-out>
    <![CDATA[Database Connection Established...
Browser got Launched.
Browser got Maximized
Login Successfull.
[ CON20 ] Balaram Ch - Contact Information--- Passed
Logout Successfull.
Browser got Closed.
Database Connection Disconnected...]]>
  </system-out>
</testsuite> <!-- contactsTest.CreateNewContactTest -->
