<?xml version="1.0" encoding="UTF-8"?>
<!-- Generated by org.testng.reporters.JUnitReportReporter -->
<testsuite hostname="BOOK-T43CJUDFP3" failures="0" tests="1" name="organizationTest.ToCreateOrgTest" time="16.712" errors="0" timestamp="2025-06-26T12:44:28 IST" skipped="0">
  <testcase classname="organizationTest.ToCreateOrgTest" name="toCreateOrg_002" time="16.712"/>
  <system-out>
    <![CDATA[Database Connection Established...
Browser got Launched
Browser got Maximized
Login Successfull.
Logout Successfull.
Browser got Closed.
Browser got Launched
Browser got Maximized
Login Successfull.
Logout Successfull.
Browser got Closed.
Browser got Launched
Browser got Maximized
Login Successfull.
Logout Successfull.
Browser got Closed.
Browser got Launched
Browser got Maximized
Login Successfull.
Logout Successfull.
Browser got Closed.
Browser got Launched
Browser got Maximized
Login Successfull.
Logout Successfull.
Browser got Closed.
Database Connection Disconnected...]]>
  </system-out>
</testsuite> <!-- organizationTest.ToCreateOrgTest -->
