<?xml version="1.0" encoding="UTF-8"?>
<!-- Generated by org.testng.reporters.JUnitReportReporter -->
<testsuite hostname="BOOK-T43CJUDFP3" failures="0" tests="1" name="organizationTest.CreateNewOrganizationWithIndustryTest" time="20.380" errors="0" timestamp="2025-06-17T19:43:16 IST" skipped="0">
  <testcase classname="organizationTest.CreateNewOrganizationWithIndustryTest" name="createNewOrgazizationWithIndustry" time="20.380">
    <system-out>
      <![CDATA[[ ACC13 ] ORG-1193959466 - Organization Information----Passed]]>
    </system-out>
  </testcase> <!-- createNewOrgazizationWithIndustry -->
  <system-out>
    <![CDATA[Database Connection Established...
Browser got Launched.
Browser got Maximized
Login Successfull.
[ ACC13 ] ORG-1193959466 - Organization Information----Passed
Logout Successfull.
Browser got Closed.
Database Connection Disconnected...]]>
  </system-out>
</testsuite> <!-- organizationTest.CreateNewOrganizationWithIndustryTest -->
