<?xml version="1.0" encoding="UTF-8"?>
<!-- Generated by org.testng.reporters.JUnitReportReporter -->
<testsuite hostname="BOOK-T43CJUDFP3" failures="0" tests="1" name="organizationTest.CreateNewOrgWithIndustryAndTypeTest" time="19.309" errors="0" timestamp="2025-06-17T20:00:42 IST" skipped="0">
  <testcase classname="organizationTest.CreateNewOrgWithIndustryAndTypeTest" name="toCreateOrgWithIndustryAndType_004" time="19.309">
    <system-out>
      <![CDATA[[ ACC16 ] ORG-1157793070 - Organization Information----Passed]]>
    </system-out>
  </testcase> <!-- toCreateOrgWithIndustryAndType_004 -->
  <system-out>
    <![CDATA[Database Connection Established...
Browser got Launched.
Browser got Maximized
Login Successfull.
[ ACC16 ] ORG-1157793070 - Organization Information----Passed
Logout Successfull.
Browser got Closed.
Database Connection Disconnected...]]>
  </system-out>
</testsuite> <!-- organizationTest.CreateNewOrgWithIndustryAndTypeTest -->
